<?xml version="1.0" encoding="UTF-8"?>
<!-- Generated by org.testng.reporters.JUnitXMLReporter -->
<testsuite ignored="0" hostname="DESKTOP-F9UHEL9" failures="0" tests="3" name="Test" time="7.614" errors="0" timestamp="2023-12-08T16:28:56 MYT">
  <testcase classname="com.test.SampleTest" name="testCase1" time="0.001"/>
  <testcase classname="com.test.SampleTest" name="testCase2" time="0.0"/>
  <testcase classname="com.test.SampleTest" name="testCase3" time="0.0"/>
</testsuite> <!-- Test -->
