<?xml version="1.0" encoding="UTF-8"?>
<testng-results ignored="0" total="3" passed="3" failed="0" skipped="0">
  <reporter-output>
  </reporter-output>
  <suite started-at="2023-12-08T16:28:48 MYT" name="Suite" finished-at="2023-12-08T16:28:56 MYT" duration-ms="7614">
    <groups>
    </groups>
    <test started-at="2023-12-08T16:28:48 MYT" name="Test" finished-at="2023-12-08T16:28:56 MYT" duration-ms="7614">
      <class name="com.test.SampleTest">
        <test-method is-config="true" signature="setup()[pri:0, instance:com.test.SampleTest@f79e]" started-at="2023-12-08T16:28:48 MYT" name="setup" finished-at="2023-12-08T16:28:51 MYT" duration-ms="2931" status="PASS">
          <reporter-output>
          </reporter-output>
        </test-method> <!-- setup -->
        <test-method signature="testCase1()[pri:0, instance:com.test.SampleTest@f79e]" started-at="2023-12-08T16:28:51 MYT" name="testCase1" finished-at="2023-12-08T16:28:51 MYT" duration-ms="1" status="PASS">
          <reporter-output>
          </reporter-output>
        </test-method> <!-- testCase1 -->
        <test-method is-config="true" signature="tearDown()[pri:0, instance:com.test.SampleTest@f79e]" started-at="2023-12-08T16:28:51 MYT" name="tearDown" finished-at="2023-12-08T16:28:51 MYT" duration-ms="93" status="PASS">
          <reporter-output>
          </reporter-output>
        </test-method> <!-- tearDown -->
        <test-method is-config="true" signature="setup()[pri:0, instance:com.test.SampleTest@f79e]" started-at="2023-12-08T16:28:51 MYT" name="setup" finished-at="2023-12-08T16:28:54 MYT" duration-ms="2255" status="PASS">
          <reporter-output>
          </reporter-output>
        </test-method> <!-- setup -->
        <test-method is-config="true" signature="tearDown()[pri:0, instance:com.test.SampleTest@f79e]" started-at="2023-12-08T16:28:54 MYT" name="tearDown" finished-at="2023-12-08T16:28:54 MYT" duration-ms="92" status="PASS">
          <reporter-output>
          </reporter-output>
        </test-method> <!-- tearDown -->
        <test-method signature="testCase2()[pri:0, instance:com.test.SampleTest@f79e]" started-at="2023-12-08T16:28:54 MYT" name="testCase2" finished-at="2023-12-08T16:28:54 MYT" duration-ms="0" status="PASS">
          <reporter-output>
          </reporter-output>
        </test-method> <!-- testCase2 -->
        <test-method is-config="true" signature="setup()[pri:0, instance:com.test.SampleTest@f79e]" started-at="2023-12-08T16:28:54 MYT" name="setup" finished-at="2023-12-08T16:28:56 MYT" duration-ms="2123" status="PASS">
          <reporter-output>
          </reporter-output>
        </test-method> <!-- setup -->
        <test-method signature="testCase3()[pri:0, instance:com.test.SampleTest@f79e]" started-at="2023-12-08T16:28:56 MYT" name="testCase3" finished-at="2023-12-08T16:28:56 MYT" duration-ms="0" status="PASS">
          <reporter-output>
          </reporter-output>
        </test-method> <!-- testCase3 -->
        <test-method is-config="true" signature="tearDown()[pri:0, instance:com.test.SampleTest@f79e]" started-at="2023-12-08T16:28:56 MYT" name="tearDown" finished-at="2023-12-08T16:28:56 MYT" duration-ms="85" status="PASS">
          <reporter-output>
          </reporter-output>
        </test-method> <!-- tearDown -->
      </class> <!-- com.test.SampleTest -->
    </test> <!-- Test -->
  </suite> <!-- Suite -->
</testng-results>
